2025-01-14 14:46:15 DEBUG sql - Executing (default): SELECT TABLE_NAME FROM INFORMATION_SCHEMA.TABLES WHERE TABLE_TYPE = 'BASE TABLE' AND TABLE_NAME = 'Classes' AND TABLE_SCHEMA = 'zhangpan'
2025-01-14 14:46:15 DEBUG sql - Executing (default): SHOW FULL COLUMNS FROM `Classes`;
2025-01-14 14:46:15 DEBUG sql - Executing (default): SELECT CONSTRAINT_NAME as constraint_name,CONSTRAINT_NAME as constraintName,CONSTRAINT_SCHEMA as constraintSchema,CONSTRAINT_SCHEMA as constraintCatalog,TABLE_NAME as tableName,TABLE_SCHEMA as tableSchema,TABLE_SCHEMA as tableCatalog,COLUMN_NAME as columnName,REFERENCED_TABLE_SCHEMA as referencedTableSchema,REFERENCED_TABLE_SCHEMA as referencedTableCatalog,REFERENCED_TABLE_NAME as referencedTableName,REFERENCED_COLUMN_NAME as referencedColumnName FROM INFORMATION_SCHEMA.KEY_COLUMN_USAGE where TABLE_NAME = 'Classes' AND CONSTRAINT_NAME!='PRIMARY' AND CONSTRAINT_SCHEMA='zhangpan' AND REFERENCED_TABLE_NAME IS NOT NULL;
2025-01-14 14:46:15 DEBUG sql - Executing (default): ALTER TABLE `Classes` CHANGE `name` `name` VARCHAR(255) NOT NULL;
2025-01-14 14:46:15 DEBUG sql - Executing (default): ALTER TABLE `Classes` CHANGE `openDate` `openDate` DATETIME NOT NULL;
2025-01-14 14:46:15 DEBUG sql - Executing (default): ALTER TABLE `Classes` CHANGE `deletedAt` `deletedAt` DATETIME;
2025-01-14 14:46:15 DEBUG sql - Executing (default): SHOW INDEX FROM `Classes`
2025-01-14 14:46:15 DEBUG sql - Executing (default): SELECT TABLE_NAME FROM INFORMATION_SCHEMA.TABLES WHERE TABLE_TYPE = 'BASE TABLE' AND TABLE_NAME = 'Students' AND TABLE_SCHEMA = 'zhangpan'
2025-01-14 14:46:15 DEBUG sql - Executing (default): SHOW FULL COLUMNS FROM `Students`;
2025-01-14 14:46:15 DEBUG sql - Executing (default): SELECT CONSTRAINT_NAME as constraint_name,CONSTRAINT_NAME as constraintName,CONSTRAINT_SCHEMA as constraintSchema,CONSTRAINT_SCHEMA as constraintCatalog,TABLE_NAME as tableName,TABLE_SCHEMA as tableSchema,TABLE_SCHEMA as tableCatalog,COLUMN_NAME as columnName,REFERENCED_TABLE_SCHEMA as referencedTableSchema,REFERENCED_TABLE_SCHEMA as referencedTableCatalog,REFERENCED_TABLE_NAME as referencedTableName,REFERENCED_COLUMN_NAME as referencedColumnName FROM INFORMATION_SCHEMA.KEY_COLUMN_USAGE where TABLE_NAME = 'Students' AND CONSTRAINT_NAME!='PRIMARY' AND CONSTRAINT_SCHEMA='zhangpan' AND REFERENCED_TABLE_NAME IS NOT NULL;
2025-01-14 14:46:15 DEBUG sql - Executing (default): ALTER TABLE `Students` CHANGE `name` `name` VARCHAR(255) NOT NULL;
2025-01-14 14:46:15 DEBUG sql - Executing (default): ALTER TABLE `Students` CHANGE `sex` `sex` TINYINT(1) NOT NULL;
2025-01-14 14:46:16 DEBUG sql - Executing (default): ALTER TABLE `Students` CHANGE `mobile` `mobile` VARCHAR(11) NOT NULL;
2025-01-14 14:46:16 DEBUG sql - Executing (default): ALTER TABLE `Students` CHANGE `deletedAt` `deletedAt` DATETIME;
2025-01-14 14:46:16 DEBUG sql - Executing (default): ALTER TABLE `Students` ADD FOREIGN KEY (`ClassId`) REFERENCES `Classes` (`id`) ON DELETE SET NULL ON UPDATE CASCADE;
2025-01-14 14:46:16 DEBUG sql - Executing (default): ALTER TABLE `Students` CHANGE `birthday` `birthday` DATETIME NOT NULL;
2025-01-14 14:46:16 DEBUG sql - Executing (default): SHOW INDEX FROM `Students`
2025-01-14 14:46:16 DEBUG sql - Executing (default): SELECT TABLE_NAME FROM INFORMATION_SCHEMA.TABLES WHERE TABLE_TYPE = 'BASE TABLE' AND TABLE_NAME = 'Admins' AND TABLE_SCHEMA = 'zhangpan'
2025-01-14 14:46:16 DEBUG sql - Executing (default): SHOW FULL COLUMNS FROM `Admins`;
2025-01-14 14:46:16 DEBUG sql - Executing (default): SELECT CONSTRAINT_NAME as constraint_name,CONSTRAINT_NAME as constraintName,CONSTRAINT_SCHEMA as constraintSchema,CONSTRAINT_SCHEMA as constraintCatalog,TABLE_NAME as tableName,TABLE_SCHEMA as tableSchema,TABLE_SCHEMA as tableCatalog,COLUMN_NAME as columnName,REFERENCED_TABLE_SCHEMA as referencedTableSchema,REFERENCED_TABLE_SCHEMA as referencedTableCatalog,REFERENCED_TABLE_NAME as referencedTableName,REFERENCED_COLUMN_NAME as referencedColumnName FROM INFORMATION_SCHEMA.KEY_COLUMN_USAGE where TABLE_NAME = 'Admins' AND CONSTRAINT_NAME!='PRIMARY' AND CONSTRAINT_SCHEMA='zhangpan' AND REFERENCED_TABLE_NAME IS NOT NULL;
2025-01-14 14:46:16 DEBUG sql - Executing (default): ALTER TABLE `Admins` CHANGE `loginId` `loginId` VARCHAR(255) NOT NULL;
2025-01-14 14:46:16 DEBUG sql - Executing (default): ALTER TABLE `Admins` CHANGE `loginPwd` `loginPwd` VARCHAR(255) NOT NULL;
2025-01-14 14:46:16 DEBUG sql - Executing (default): ALTER TABLE `Admins` CHANGE `name` `name` VARCHAR(255) NOT NULL;
2025-01-14 14:46:16 DEBUG sql - Executing (default): ALTER TABLE `Admins` CHANGE `deletedAt` `deletedAt` DATETIME;
2025-01-14 14:46:16 DEBUG sql - Executing (default): SHOW INDEX FROM `Admins`
2025-01-14 14:46:16 DEBUG sql - Executing (default): SELECT TABLE_NAME FROM INFORMATION_SCHEMA.TABLES WHERE TABLE_TYPE = 'BASE TABLE' AND TABLE_NAME = 'Books' AND TABLE_SCHEMA = 'zhangpan'
2025-01-14 14:46:16 DEBUG sql - Executing (default): SHOW FULL COLUMNS FROM `Books`;
2025-01-14 14:46:16 DEBUG sql - Executing (default): SELECT CONSTRAINT_NAME as constraint_name,CONSTRAINT_NAME as constraintName,CONSTRAINT_SCHEMA as constraintSchema,CONSTRAINT_SCHEMA as constraintCatalog,TABLE_NAME as tableName,TABLE_SCHEMA as tableSchema,TABLE_SCHEMA as tableCatalog,COLUMN_NAME as columnName,REFERENCED_TABLE_SCHEMA as referencedTableSchema,REFERENCED_TABLE_SCHEMA as referencedTableCatalog,REFERENCED_TABLE_NAME as referencedTableName,REFERENCED_COLUMN_NAME as referencedColumnName FROM INFORMATION_SCHEMA.KEY_COLUMN_USAGE where TABLE_NAME = 'Books' AND CONSTRAINT_NAME!='PRIMARY' AND CONSTRAINT_SCHEMA='zhangpan' AND REFERENCED_TABLE_NAME IS NOT NULL;
2025-01-14 14:46:16 DEBUG sql - Executing (default): ALTER TABLE `Books` CHANGE `name` `name` VARCHAR(255) NOT NULL;
2025-01-14 14:46:16 DEBUG sql - Executing (default): ALTER TABLE `Books` CHANGE `imgurl` `imgurl` VARCHAR(255);
2025-01-14 14:46:16 DEBUG sql - Executing (default): ALTER TABLE `Books` CHANGE `publishDate` `publishDate` VARCHAR(255) NOT NULL;
2025-01-14 14:46:16 DEBUG sql - Executing (default): ALTER TABLE `Books` CHANGE `author` `author` VARCHAR(255) NOT NULL;
2025-01-14 14:46:16 DEBUG sql - Executing (default): ALTER TABLE `Books` CHANGE `createdAt` `createdAt` DATETIME NOT NULL;
2025-01-14 14:46:16 DEBUG sql - Executing (default): ALTER TABLE `Books` CHANGE `updatedAt` `updatedAt` DATETIME NOT NULL;
2025-01-14 14:46:17 DEBUG sql - Executing (default): ALTER TABLE `Books` CHANGE `deletedAt` `deletedAt` DATETIME;
2025-01-14 14:46:17 DEBUG sql - Executing (default): SHOW INDEX FROM `Books`
2025-01-14 14:47:15 DEBUG sql - Executing (default): SELECT TABLE_NAME FROM INFORMATION_SCHEMA.TABLES WHERE TABLE_TYPE = 'BASE TABLE' AND TABLE_NAME = 'Classes' AND TABLE_SCHEMA = 'zhangpan'
2025-01-14 14:47:15 DEBUG sql - Executing (default): SHOW FULL COLUMNS FROM `Classes`;
2025-01-14 14:47:15 DEBUG sql - Executing (default): SELECT CONSTRAINT_NAME as constraint_name,CONSTRAINT_NAME as constraintName,CONSTRAINT_SCHEMA as constraintSchema,CONSTRAINT_SCHEMA as constraintCatalog,TABLE_NAME as tableName,TABLE_SCHEMA as tableSchema,TABLE_SCHEMA as tableCatalog,COLUMN_NAME as columnName,REFERENCED_TABLE_SCHEMA as referencedTableSchema,REFERENCED_TABLE_SCHEMA as referencedTableCatalog,REFERENCED_TABLE_NAME as referencedTableName,REFERENCED_COLUMN_NAME as referencedColumnName FROM INFORMATION_SCHEMA.KEY_COLUMN_USAGE where TABLE_NAME = 'Classes' AND CONSTRAINT_NAME!='PRIMARY' AND CONSTRAINT_SCHEMA='zhangpan' AND REFERENCED_TABLE_NAME IS NOT NULL;
2025-01-14 14:47:15 DEBUG sql - Executing (default): ALTER TABLE `Classes` CHANGE `name` `name` VARCHAR(255) NOT NULL;
2025-01-14 14:47:15 DEBUG sql - Executing (default): ALTER TABLE `Classes` CHANGE `openDate` `openDate` DATETIME NOT NULL;
2025-01-14 14:47:16 DEBUG sql - Executing (default): ALTER TABLE `Classes` CHANGE `deletedAt` `deletedAt` DATETIME;
2025-01-14 14:47:16 DEBUG sql - Executing (default): SHOW INDEX FROM `Classes`
2025-01-14 14:47:16 DEBUG sql - Executing (default): SELECT TABLE_NAME FROM INFORMATION_SCHEMA.TABLES WHERE TABLE_TYPE = 'BASE TABLE' AND TABLE_NAME = 'Students' AND TABLE_SCHEMA = 'zhangpan'
2025-01-14 14:47:16 DEBUG sql - Executing (default): SHOW FULL COLUMNS FROM `Students`;
2025-01-14 14:47:16 DEBUG sql - Executing (default): SELECT CONSTRAINT_NAME as constraint_name,CONSTRAINT_NAME as constraintName,CONSTRAINT_SCHEMA as constraintSchema,CONSTRAINT_SCHEMA as constraintCatalog,TABLE_NAME as tableName,TABLE_SCHEMA as tableSchema,TABLE_SCHEMA as tableCatalog,COLUMN_NAME as columnName,REFERENCED_TABLE_SCHEMA as referencedTableSchema,REFERENCED_TABLE_SCHEMA as referencedTableCatalog,REFERENCED_TABLE_NAME as referencedTableName,REFERENCED_COLUMN_NAME as referencedColumnName FROM INFORMATION_SCHEMA.KEY_COLUMN_USAGE where TABLE_NAME = 'Students' AND CONSTRAINT_NAME!='PRIMARY' AND CONSTRAINT_SCHEMA='zhangpan' AND REFERENCED_TABLE_NAME IS NOT NULL;
2025-01-14 14:47:16 DEBUG sql - Executing (default): ALTER TABLE `Students` CHANGE `name` `name` VARCHAR(255) NOT NULL;
2025-01-14 14:47:16 DEBUG sql - Executing (default): ALTER TABLE `Students` CHANGE `sex` `sex` TINYINT(1) NOT NULL;
2025-01-14 14:47:16 DEBUG sql - Executing (default): ALTER TABLE `Students` CHANGE `mobile` `mobile` VARCHAR(11) NOT NULL;
2025-01-14 14:47:16 DEBUG sql - Executing (default): ALTER TABLE `Students` CHANGE `deletedAt` `deletedAt` DATETIME;
2025-01-14 14:47:16 DEBUG sql - Executing (default): ALTER TABLE `Students` ADD FOREIGN KEY (`ClassId`) REFERENCES `Classes` (`id`) ON DELETE SET NULL ON UPDATE CASCADE;
2025-01-14 14:47:16 DEBUG sql - Executing (default): ALTER TABLE `Students` CHANGE `birthday` `birthday` DATETIME NOT NULL;
2025-01-14 14:47:16 DEBUG sql - Executing (default): SHOW INDEX FROM `Students`
2025-01-14 14:47:16 DEBUG sql - Executing (default): SELECT TABLE_NAME FROM INFORMATION_SCHEMA.TABLES WHERE TABLE_TYPE = 'BASE TABLE' AND TABLE_NAME = 'Admins' AND TABLE_SCHEMA = 'zhangpan'
2025-01-14 14:47:16 DEBUG sql - Executing (default): SHOW FULL COLUMNS FROM `Admins`;
2025-01-14 14:47:16 DEBUG sql - Executing (default): SELECT CONSTRAINT_NAME as constraint_name,CONSTRAINT_NAME as constraintName,CONSTRAINT_SCHEMA as constraintSchema,CONSTRAINT_SCHEMA as constraintCatalog,TABLE_NAME as tableName,TABLE_SCHEMA as tableSchema,TABLE_SCHEMA as tableCatalog,COLUMN_NAME as columnName,REFERENCED_TABLE_SCHEMA as referencedTableSchema,REFERENCED_TABLE_SCHEMA as referencedTableCatalog,REFERENCED_TABLE_NAME as referencedTableName,REFERENCED_COLUMN_NAME as referencedColumnName FROM INFORMATION_SCHEMA.KEY_COLUMN_USAGE where TABLE_NAME = 'Admins' AND CONSTRAINT_NAME!='PRIMARY' AND CONSTRAINT_SCHEMA='zhangpan' AND REFERENCED_TABLE_NAME IS NOT NULL;
2025-01-14 14:47:16 DEBUG sql - Executing (default): ALTER TABLE `Admins` CHANGE `loginId` `loginId` VARCHAR(255) NOT NULL;
2025-01-14 14:47:16 DEBUG sql - Executing (default): ALTER TABLE `Admins` CHANGE `loginPwd` `loginPwd` VARCHAR(255) NOT NULL;
2025-01-14 14:47:16 DEBUG sql - Executing (default): ALTER TABLE `Admins` CHANGE `name` `name` VARCHAR(255) NOT NULL;
2025-01-14 14:47:16 DEBUG sql - Executing (default): ALTER TABLE `Admins` CHANGE `deletedAt` `deletedAt` DATETIME;
2025-01-14 14:47:17 DEBUG sql - Executing (default): SHOW INDEX FROM `Admins`
2025-01-14 14:47:17 DEBUG sql - Executing (default): SELECT TABLE_NAME FROM INFORMATION_SCHEMA.TABLES WHERE TABLE_TYPE = 'BASE TABLE' AND TABLE_NAME = 'Books' AND TABLE_SCHEMA = 'zhangpan'
2025-01-14 14:47:17 DEBUG sql - Executing (default): SHOW FULL COLUMNS FROM `Books`;
2025-01-14 14:47:17 DEBUG sql - Executing (default): SELECT CONSTRAINT_NAME as constraint_name,CONSTRAINT_NAME as constraintName,CONSTRAINT_SCHEMA as constraintSchema,CONSTRAINT_SCHEMA as constraintCatalog,TABLE_NAME as tableName,TABLE_SCHEMA as tableSchema,TABLE_SCHEMA as tableCatalog,COLUMN_NAME as columnName,REFERENCED_TABLE_SCHEMA as referencedTableSchema,REFERENCED_TABLE_SCHEMA as referencedTableCatalog,REFERENCED_TABLE_NAME as referencedTableName,REFERENCED_COLUMN_NAME as referencedColumnName FROM INFORMATION_SCHEMA.KEY_COLUMN_USAGE where TABLE_NAME = 'Books' AND CONSTRAINT_NAME!='PRIMARY' AND CONSTRAINT_SCHEMA='zhangpan' AND REFERENCED_TABLE_NAME IS NOT NULL;
2025-01-14 14:47:17 DEBUG sql - Executing (default): ALTER TABLE `Books` CHANGE `name` `name` VARCHAR(255) NOT NULL;
2025-01-14 14:47:17 DEBUG sql - Executing (default): ALTER TABLE `Books` CHANGE `imgurl` `imgurl` VARCHAR(255);
2025-01-14 14:47:17 DEBUG sql - Executing (default): ALTER TABLE `Books` CHANGE `publishDate` `publishDate` VARCHAR(255) NOT NULL;
2025-01-14 14:47:17 DEBUG sql - Executing (default): ALTER TABLE `Books` CHANGE `author` `author` VARCHAR(255) NOT NULL;
2025-01-14 14:47:17 DEBUG sql - Executing (default): ALTER TABLE `Books` CHANGE `createdAt` `createdAt` DATETIME NOT NULL;
2025-01-14 14:47:17 DEBUG sql - Executing (default): ALTER TABLE `Books` CHANGE `updatedAt` `updatedAt` DATETIME NOT NULL;
2025-01-14 14:47:17 DEBUG sql - Executing (default): ALTER TABLE `Books` CHANGE `deletedAt` `deletedAt` DATETIME;
2025-01-14 14:47:17 DEBUG sql - Executing (default): SHOW INDEX FROM `Books`
